<?xml version="1.0" encoding="UTF-8"?>
<robot generator="Robot 7.0.1 (Python 3.12.4 on win32)" generated="2024-07-04T16:10:43.133491" rpa="false" schemaversion="5">
<suite id="s1" name="Create Va" source="C:\Users\Sprint Admin\time-tracker\create_va.robot">
<test id="s1-t1" name="Create va bca" line="14">
<kw name="Open Browser To Landing Page">
<kw name="Open Browser" owner="SeleniumLibrary">
<msg time="2024-07-04T16:10:43.371736" level="INFO">Opening browser 'Chrome' to base url 'https://dev-wordpress.bayarind.id/'.</msg>
<arg>${URL}</arg>
<arg>${BROWSER}</arg>
<doc>Opens a new browser instance to the optional ``url``.</doc>
<status status="PASS" start="2024-07-04T16:10:43.371736" elapsed="3.955362"/>
</kw>
<kw name="Maximize Browser Window" owner="SeleniumLibrary">
<doc>Maximizes current browser window.</doc>
<status status="PASS" start="2024-07-04T16:10:47.327098" elapsed="0.046138"/>
</kw>
<kw name="Title Should Be" owner="SeleniumLibrary">
<msg time="2024-07-04T16:10:47.388316" level="INFO">Page title is 'Merchant Store'.</msg>
<arg>Merchant Store</arg>
<doc>Verifies that the current page title equals ``title``.</doc>
<status status="PASS" start="2024-07-04T16:10:47.374754" elapsed="0.013562"/>
</kw>
<status status="PASS" start="2024-07-04T16:10:43.370736" elapsed="4.017580"/>
</kw>
<kw name="Add to cart">
<kw name="Click Element" owner="SeleniumLibrary">
<msg time="2024-07-04T16:10:47.390308" level="INFO">Clicking element 'xpath: //a[@data-product_id="479"]'.</msg>
<arg>xpath: //a[@data-product_id="${product_id}"]</arg>
<doc>Click the element identified by ``locator``.</doc>
<status status="PASS" start="2024-07-04T16:10:47.389310" elapsed="0.158649"/>
</kw>
<kw name="Sleep" owner="BuiltIn">
<msg time="2024-07-04T16:10:50.548232" level="INFO">Slept 3 seconds.</msg>
<arg>3s</arg>
<doc>Pauses the test executed for the given time.</doc>
<status status="PASS" start="2024-07-04T16:10:47.547959" elapsed="3.000273"/>
</kw>
<kw name="Page Should Contain" owner="SeleniumLibrary">
<msg time="2024-07-04T16:10:50.585770" level="INFO">Current page contains text 'View cart'.</msg>
<arg>View cart</arg>
<doc>Verifies that current page contains ``text``.</doc>
<status status="PASS" start="2024-07-04T16:10:50.548754" elapsed="0.037016"/>
</kw>
<arg>479</arg>
<status status="PASS" start="2024-07-04T16:10:47.389310" elapsed="3.196460"/>
</kw>
<kw name="View cart">
<kw name="Click Element" owner="SeleniumLibrary">
<msg time="2024-07-04T16:10:50.587822" level="INFO">Clicking element 'xpath: //a[@href="https://dev-wordpress.bayarind.id/cart/"]'.</msg>
<arg>xpath: //a[@href="https://dev-wordpress.bayarind.id/cart/"]</arg>
<doc>Click the element identified by ``locator``.</doc>
<status status="PASS" start="2024-07-04T16:10:50.587822" elapsed="0.456680"/>
</kw>
<kw name="Title Should Be" owner="SeleniumLibrary">
<msg time="2024-07-04T16:10:51.051842" level="INFO">Page title is 'Cart – Merchant Store'.</msg>
<arg>Cart – Merchant Store</arg>
<doc>Verifies that the current page title equals ``title``.</doc>
<status status="PASS" start="2024-07-04T16:10:51.045815" elapsed="0.006027"/>
</kw>
<status status="PASS" start="2024-07-04T16:10:50.586773" elapsed="0.465069"/>
</kw>
<kw name="Checkout">
<kw name="Click Element" owner="SeleniumLibrary">
<msg time="2024-07-04T16:10:51.052840" level="INFO">Clicking element 'xpath: //a[@href="https://dev-wordpress.bayarind.id/checkout/"]'.</msg>
<arg>xpath: //a[@href="https://dev-wordpress.bayarind.id/checkout/"]</arg>
<doc>Click the element identified by ``locator``.</doc>
<status status="PASS" start="2024-07-04T16:10:51.052840" elapsed="1.969531"/>
</kw>
<kw name="Title Should Be" owner="SeleniumLibrary">
<msg time="2024-07-04T16:10:53.030707" level="INFO">Page title is 'Checkout – Merchant Store'.</msg>
<arg>Checkout – Merchant Store</arg>
<doc>Verifies that the current page title equals ``title``.</doc>
<status status="PASS" start="2024-07-04T16:10:53.022371" elapsed="0.008336"/>
</kw>
<status status="PASS" start="2024-07-04T16:10:51.052840" elapsed="1.977867"/>
</kw>
<kw name="Fill Billing Details">
<kw name="Input Text" owner="SeleniumLibrary">
<msg time="2024-07-04T16:10:53.031706" level="INFO">Typing text 'QA' into text field 'billing_first_name'.</msg>
<arg>billing_first_name</arg>
<arg>QA</arg>
<doc>Types the given ``text`` into the text field identified by ``locator``.</doc>
<status status="PASS" start="2024-07-04T16:10:53.031706" elapsed="0.163986"/>
</kw>
<kw name="Input Text" owner="SeleniumLibrary">
<msg time="2024-07-04T16:10:53.195692" level="INFO">Typing text 'test' into text field 'billing_last_name'.</msg>
<arg>billing_last_name</arg>
<arg>test</arg>
<doc>Types the given ``text`` into the text field identified by ``locator``.</doc>
<status status="PASS" start="2024-07-04T16:10:53.195692" elapsed="0.144107"/>
</kw>
<kw name="Input Text" owner="SeleniumLibrary">
<msg time="2024-07-04T16:10:53.339799" level="INFO">Typing text 'Poncol Indah' into text field 'billing_address_1'.</msg>
<arg>billing_address_1</arg>
<arg>Poncol Indah</arg>
<doc>Types the given ``text`` into the text field identified by ``locator``.</doc>
<status status="PASS" start="2024-07-04T16:10:53.339799" elapsed="0.193018"/>
</kw>
<kw name="Input Text" owner="SeleniumLibrary">
<msg time="2024-07-04T16:10:53.533822" level="INFO">Typing text 'Cireundeu' into text field 'billing_city'.</msg>
<arg>billing_city</arg>
<arg>Cireundeu</arg>
<doc>Types the given ``text`` into the text field identified by ``locator``.</doc>
<status status="PASS" start="2024-07-04T16:10:53.533822" elapsed="0.304698"/>
</kw>
<kw name="Input Text" owner="SeleniumLibrary">
<msg time="2024-07-04T16:10:53.839538" level="INFO">Typing text '64352' into text field 'billing_postcode'.</msg>
<arg>billing_postcode</arg>
<arg>64352</arg>
<doc>Types the given ``text`` into the text field identified by ``locator``.</doc>
<status status="PASS" start="2024-07-04T16:10:53.838520" elapsed="0.159940"/>
</kw>
<kw name="Input Text" owner="SeleniumLibrary">
<msg time="2024-07-04T16:10:53.998460" level="INFO">Typing text '08912451347' into text field 'billing_phone'.</msg>
<arg>billing_phone</arg>
<arg>08912451347</arg>
<doc>Types the given ``text`` into the text field identified by ``locator``.</doc>
<status status="PASS" start="2024-07-04T16:10:53.998460" elapsed="0.202261"/>
</kw>
<kw name="Input Text" owner="SeleniumLibrary">
<msg time="2024-07-04T16:10:54.200721" level="INFO">Typing text 'qa@gmail.com' into text field 'billing_email'.</msg>
<arg>billing_email</arg>
<arg>qa@gmail.com</arg>
<doc>Types the given ``text`` into the text field identified by ``locator``.</doc>
<status status="PASS" start="2024-07-04T16:10:54.200721" elapsed="0.198098"/>
</kw>
<kw name="Click Element" owner="SeleniumLibrary">
<msg time="2024-07-04T16:10:54.399817" level="INFO">Clicking element 'xpath://li[@class="wc_payment_method payment_method_bcava"]'.</msg>
<arg>xpath://li[@class="wc_payment_method payment_method_bcava"]</arg>
<doc>Click the element identified by ``locator``.</doc>
<status status="PASS" start="2024-07-04T16:10:54.398819" elapsed="0.372008"/>
</kw>
<kw name="Click Button" owner="SeleniumLibrary">
<msg time="2024-07-04T16:10:54.771828" level="INFO">Clicking button 'place_order'.</msg>
<arg>place_order</arg>
<doc>Clicks the button identified by ``locator``.</doc>
<status status="PASS" start="2024-07-04T16:10:54.770827" elapsed="0.193484"/>
</kw>
<kw name="Sleep" owner="BuiltIn">
<msg time="2024-07-04T16:10:57.967342" level="INFO">Slept 3 seconds.</msg>
<arg>3s</arg>
<doc>Pauses the test executed for the given time.</doc>
<status status="PASS" start="2024-07-04T16:10:54.964856" elapsed="3.002486"/>
</kw>
<status status="PASS" start="2024-07-04T16:10:53.031706" elapsed="4.935636"/>
</kw>
<kw name="Confirm order">
<kw name="Page Should Contain" owner="SeleniumLibrary">
<msg time="2024-07-04T16:10:57.989899" level="INFO">Current page contains text 'Pay for order'.</msg>
<arg>Pay for order</arg>
<doc>Verifies that current page contains ``text``.</doc>
<status status="PASS" start="2024-07-04T16:10:57.967826" elapsed="0.022073"/>
</kw>
<kw name="Scroll Element Into View" owner="SeleniumLibrary">
<arg>xpath://*[contains(text(), 'Confirm order')]</arg>
<doc>Scrolls the element identified by ``locator`` into view.</doc>
<status status="PASS" start="2024-07-04T16:10:57.989899" elapsed="0.303623"/>
</kw>
<kw name="Click Element" owner="SeleniumLibrary">
<msg time="2024-07-04T16:10:58.293522" level="INFO">Clicking element 'xpath://*[contains(text(), 'Confirm order')]'.</msg>
<arg>xpath://*[contains(text(), 'Confirm order')]</arg>
<doc>Click the element identified by ``locator``.</doc>
<status status="PASS" start="2024-07-04T16:10:58.293522" elapsed="1.418966"/>
</kw>
<kw name="Sleep" owner="BuiltIn">
<msg time="2024-07-04T16:11:01.714157" level="INFO">Slept 2 seconds.</msg>
<arg>2s</arg>
<doc>Pauses the test executed for the given time.</doc>
<status status="PASS" start="2024-07-04T16:10:59.712488" elapsed="2.001669"/>
</kw>
<kw name="Title Should Be" owner="SeleniumLibrary">
<msg time="2024-07-04T16:11:01.722102" level="INFO">Page title is 'BCA Virtual Account Payment – Merchant Store'.</msg>
<arg>BCA Virtual Account Payment – Merchant Store</arg>
<doc>Verifies that the current page title equals ``title``.</doc>
<status status="PASS" start="2024-07-04T16:11:01.714157" elapsed="0.007945"/>
</kw>
<status status="PASS" start="2024-07-04T16:10:57.967826" elapsed="3.754276"/>
</kw>
<kw name="Get VA number">
<kw name="Capture Page Screenshot" owner="SeleniumLibrary">
<msg time="2024-07-04T16:11:01.848722" level="INFO" html="true">&lt;/td&gt;&lt;/tr&gt;&lt;tr&gt;&lt;td colspan="3"&gt;&lt;a href="va_number.png"&gt;&lt;img src="va_number.png" width="800px"&gt;&lt;/a&gt;</msg>
<arg>va_number.png</arg>
<doc>Takes a screenshot of the current page and embeds it into a log file.</doc>
<status status="PASS" start="2024-07-04T16:11:01.723104" elapsed="0.125618"/>
</kw>
<status status="PASS" start="2024-07-04T16:11:01.723104" elapsed="0.125618"/>
</kw>
<status status="PASS" start="2024-07-04T16:10:43.369725" elapsed="18.480001"/>
</test>
<doc>Simple example using SeleniumLibrary.</doc>
<status status="PASS" start="2024-07-04T16:10:43.135573" elapsed="18.715955"/>
</suite>
<statistics>
<total>
<stat pass="1" fail="0" skip="0">All Tests</stat>
</total>
<tag>
</tag>
<suite>
<stat pass="1" fail="0" skip="0" id="s1" name="Create Va">Create Va</stat>
</suite>
</statistics>
<errors>
</errors>
</robot>
